
*************************************************************
 Geant4 version Name: geant4-09-06-patch-02    (17-May-2013)
                      Copyright : Geant4 Collaboration
                      Reference : NIM A 506 (2003), 250-303
                            WWW : http://cern.ch/geant4
*************************************************************

Vacuum H 1e-25 2.73 1.87245e-14
 fMaterial:Vacuum with formula: H added! 
     Nb of fMaterial = 1
     Nb of fIsotope =  0
     Nb of fElement =  1
Air N0.78-O0.22 0.00129 273.15 6.32421e+08
 fMaterial:Air with formula: N0.78-O0.22 added! 
     Nb of fMaterial = 2
     Nb of fIsotope =  0
     Nb of fElement =  3
Aluminium Al 2.7 273.15 6.32421e+08
 fMaterial:Aluminium with formula: Al added! 
     Nb of fMaterial = 3
     Nb of fIsotope =  0
     Nb of fElement =  4
Silicon Si 2.329 273.15 6.32421e+08
 fMaterial:Silicon with formula: Si added! 
     Nb of fMaterial = 4
     Nb of fIsotope =  0
     Nb of fElement =  5
Lead Pb 11.3 273.15 6.32421e+08
 fMaterial:Lead with formula: Pb added! 
     Nb of fMaterial = 5
     Nb of fIsotope =  0
     Nb of fElement =  6
Germanium Ge 5.323 273.15 6.32421e+08
 fMaterial:Germanium with formula: Ge added! 
     Nb of fMaterial = 6
     Nb of fIsotope =  0
     Nb of fElement =  7
Copper Cu 8.96 273.15 6.32421e+08
 fMaterial:Copper with formula: Cu added! 
     Nb of fMaterial = 7
     Nb of fIsotope =  0
     Nb of fElement =  8
Polyethylene C1-H2 0.93 273.15 6.32421e+08
 fMaterial:Polyethylene with formula: C1-H2 added! 
     Nb of fMaterial = 8
     Nb of fIsotope =  0
     Nb of fElement =  9
Mylar C10-H8-O4 1.38 273.15 6.32421e+08
 fMaterial:Mylar with formula: C10-H8-O4 added! 
     Nb of fMaterial = 9
     Nb of fIsotope =  0
     Nb of fElement =  9
Visualization Manager instantiating with verbosity "warnings (3)"...
Visualization Manager initialising...
Registering graphics systems...

You have successfully registered the following graphics systems.
Current available graphics systems are:
  ASCIITree (ATree)
  DAWNFILE (DAWNFILE)
  G4HepRep (HepRepXML)
  G4HepRepFile (HepRepFile)
  OpenGLImmediateX (OGLI, OGLIX)
  OpenGLStoredX (OGL, OGLS, OGLSX)
  RayTracer (RayTracer)
  VRML1FILE (VRML1FILE)
  VRML2FILE (VRML2FILE)
  gMocrenFile (gMocrenFile)

Registering model factories...

You have successfully registered the following model factories.
Registered model factories:
  generic
  drawByCharge
  drawByParticleID
  drawByOriginVolume
  drawByAttribute

Registered filter factories:
  chargeFilter
  particleFilter
  originVolumeFilter
  attributeFilter

You have successfully registered the following user vis actions.
Run Duration User Vis Actions: none
End of Event User Vis Actions: none
End of Run User Vis Actions: none

Some /vis commands (optionally) take a string to specify colour.
Available colours:
  black, blue, brown, cyan, gray, green, grey, magenta, red, white, yellow

Checking overlaps for volume OuterShielding ... OK! 
Checking overlaps for volume OuterCavity ... OK! 
Checking overlaps for volume InnerShielding ... OK! 
Checking overlaps for volume InnerCavity ... OK! 
Checking overlaps for volume DetectorEnclosure ... OK! 
Checking overlaps for volume AirPocket ... OK! 
Checking overlaps for volume Head ... OK! 
Checking overlaps for volume Neck ... OK! 
Checking overlaps for volume NeckCavity ... OK! 
Checking overlaps for volume EndCap ... OK! 
Checking overlaps for volume Holder ... OK! 
Checking overlaps for volume Sheath ... OK! 
Checking overlaps for volume Detector ... OK! 
Checking overlaps for volume ActiveDetector ... OK! 
Checking overlaps for volume SignalPin ... OK! 
Checking overlaps for volume SignalPinSupport ... OK! 
Source Position: 2
Source Center: -21.975 0 149.622 mm
Checking overlaps for volume Button ... OK! 
WARNING: model G4LEDeuteronInelastic is being deprecated and will
disappear in Geant4 version 10.0
WARNING: model G4LETritonInelastic is being deprecated and will
disappear in Geant4 version 10.0
WARNING: model G4LEAlphaInelastic is being deprecated and will
disappear in Geant4 version 10.0
WARNING: model G4LENeutronInelastic is being deprecated and will
disappear in Geant4 version 10.0
/usr/local/geant4.9.6.p02/share/Geant4-9.6.2/data/G4NDL4.2
NeutronHP: /Capture file for Z = 8, A = 18 is not found and NeutronHP will use /usr/local/geant4.9.6.p02/share/Geant4-9.6.2/data/G4NDL4.2/Capture/CrossSection/8_17_Oxygen
NeutronHP: /Elastic file for Z = 8, A = 18 is not found and NeutronHP will use /usr/local/geant4.9.6.p02/share/Geant4-9.6.2/data/G4NDL4.2/Elastic/CrossSection/8_17_Oxygen
NeutronHP: /Inelastic file for Z = 8, A = 18 is not found and NeutronHP will use /usr/local/geant4.9.6.p02/share/Geant4-9.6.2/data/G4NDL4.2/Inelastic/CrossSection/8_17_Oxygen
NeutronHP: /Capture file for Z = 6, A = 12 is not found and NeutronHP will use /usr/local/geant4.9.6.p02/share/Geant4-9.6.2/data/G4NDL4.2/Capture/CrossSection/6_nat_Carbon
NeutronHP: /Elastic file for Z = 6, A = 12 is not found and NeutronHP will use /usr/local/geant4.9.6.p02/share/Geant4-9.6.2/data/G4NDL4.2/Elastic/CrossSection/6_nat_Carbon
NeutronHP: /Inelastic file for Z = 6, A = 12 is not found and NeutronHP will use /usr/local/geant4.9.6.p02/share/Geant4-9.6.2/data/G4NDL4.2/Inelastic/CrossSection/6_nat_Carbon
NeutronHP: /Capture file for Z = 6, A = 13 is not found and NeutronHP will use /usr/local/geant4.9.6.p02/share/Geant4-9.6.2/data/G4NDL4.2/Capture/CrossSection/6_nat_Carbon
NeutronHP: /Elastic file for Z = 6, A = 13 is not found and NeutronHP will use /usr/local/geant4.9.6.p02/share/Geant4-9.6.2/data/G4NDL4.2/Elastic/CrossSection/6_nat_Carbon
NeutronHP: /Inelastic file for Z = 6, A = 13 is not found and NeutronHP will use /usr/local/geant4.9.6.p02/share/Geant4-9.6.2/data/G4NDL4.2/Inelastic/CrossSection/6_nat_Carbon
NeutronHP: /Capture file for Z = 8, A = 18 is not found and NeutronHP will use /usr/local/geant4.9.6.p02/share/Geant4-9.6.2/data/G4NDL4.2/Capture/CrossSection/8_17_Oxygen
NeutronHP: /Capture file for Z = 6, A = 12 is not found and NeutronHP will use /usr/local/geant4.9.6.p02/share/Geant4-9.6.2/data/G4NDL4.2/Capture/CrossSection/6_nat_Carbon
NeutronHP: /Capture file for Z = 6, A = 13 is not found and NeutronHP will use /usr/local/geant4.9.6.p02/share/Geant4-9.6.2/data/G4NDL4.2/Capture/CrossSection/6_nat_Carbon
WARNING: model G4LEProtonInelastic is being deprecated and will
disappear in Geant4 version 10.0
WARNING: model G4LEPionPlusInelastic is being deprecated and will
disappear in Geant4 version 10.0
WARNING: model G4LEPionMinusInelastic is being deprecated and will
disappear in Geant4 version 10.0
WARNING: model G4LEKaonPlusInelastic is being deprecated and will
disappear in Geant4 version 10.0
WARNING: model G4LEKaonMinusInelastic is being deprecated and will
disappear in Geant4 version 10.0
WARNING: model G4LEKaonZeroInelastic is being deprecated and will
disappear in Geant4 version 10.0
WARNING: model G4LEAntiKaonZeroInelastic is being deprecated and will
disappear in Geant4 version 10.0
WARNING: model G4LEKaonZeroLInelastic is being deprecated and will
disappear in Geant4 version 10.0
WARNING: model G4LEKaonZeroInelastic is being deprecated and will
disappear in Geant4 version 10.0
WARNING: model G4LEAntiKaonZeroInelastic is being deprecated and will
disappear in Geant4 version 10.0
WARNING: model G4LEKaonZeroSInelastic is being deprecated and will
disappear in Geant4 version 10.0
WARNING: model G4LEAntiProtonInelastic is being deprecated and will
disappear in Geant4 version 10.0
WARNING: model G4HEAntiProtonInelastic is being deprecated and will
disappear in Geant4 version 10.0
WARNING: model G4LEAntiNeutronInelastic is being deprecated and will
disappear in Geant4 version 10.0
WARNING: model G4HEAntiNeutronInelastic is being deprecated and will
disappear in Geant4 version 10.0
WARNING: model G4LELambdaInelastic is being deprecated and will
disappear in Geant4 version 10.0
WARNING: model G4HELambdaInelastic is being deprecated and will
disappear in Geant4 version 10.0
WARNING: model G4LEAntiLambdaInelastic is being deprecated and will
disappear in Geant4 version 10.0
WARNING: model G4HEAntiLambdaInelastic is being deprecated and will
disappear in Geant4 version 10.0
WARNING: model G4LESigmaMinusInelastic is being deprecated and will
disappear in Geant4 version 10.0
WARNING: model G4HESigmaMinusInelastic is being deprecated and will
disappear in Geant4 version 10.0
WARNING: model G4LEAntiSigmaMinusInelastic is being deprecated and will
disappear in Geant4 version 10.0
WARNING: model G4HEAntiSigmaMinusInelastic is being deprecated and will
disappear in Geant4 version 10.0
WARNING: model G4LESigmaPlusInelastic is being deprecated and will
disappear in Geant4 version 10.0
WARNING: model G4HESigmaPlusInelastic is being deprecated and will
disappear in Geant4 version 10.0
WARNING: model G4LEAntiSigmaPlusInelastic is being deprecated and will
disappear in Geant4 version 10.0
WARNING: model G4HEAntiSigmaPlusInelastic is being deprecated and will
disappear in Geant4 version 10.0
WARNING: model G4LEXiMinusInelastic is being deprecated and will
disappear in Geant4 version 10.0
WARNING: model G4HEXiMinusInelastic is being deprecated and will
disappear in Geant4 version 10.0
WARNING: model G4LEAntiXiMinusInelastic is being deprecated and will
disappear in Geant4 version 10.0
WARNING: model G4HEAntiXiMinusInelastic is being deprecated and will
disappear in Geant4 version 10.0
WARNING: model G4LEXiZeroInelastic is being deprecated and will
disappear in Geant4 version 10.0
WARNING: model G4HEXiZeroInelastic is being deprecated and will
disappear in Geant4 version 10.0
WARNING: model G4LEAntiXiZeroInelastic is being deprecated and will
disappear in Geant4 version 10.0
WARNING: model G4HEAntiXiZeroInelastic is being deprecated and will
disappear in Geant4 version 10.0
WARNING: model G4LEOmegaMinusInelastic is being deprecated and will
disappear in Geant4 version 10.0
WARNING: model G4HEOmegaMinusInelastic is being deprecated and will
disappear in Geant4 version 10.0
WARNING: model G4LEAntiOmegaMinusInelastic is being deprecated and will
disappear in Geant4 version 10.0
WARNING: model G4HEAntiOmegaMinusInelastic is being deprecated and will
disappear in Geant4 version 10.0
### gesimPhysicsList::ConstructProcess is done
world cuts are set

### ===  Deexcitation model UAtomDeexcitation is activated for 1 region:
          DefaultRegionForTheWorld

### ===  Deexcitation model UAtomDeexcitation is activated for 1 region:
          DefaultRegionForTheWorld
============================================================================================
             HADRONIC PROCESSES SUMMARY (verbose level 1)

                                  Hadronic Processes for <GenericIon>
                                  -----------------------------------
        ionInelastic  Models:     Binary Light Ion Cascade: Emin(GeV)=    0  Emax(GeV)= 20

        ionInelastic  Crs sctns:          AxenWellischIonH: Emin(GeV)=    0  Emax(GeV)= 100000
                                                  IonsShen: Emin(GeV)=    0  Emax(GeV)= 100000
                                          GheishaInelastic: Emin(GeV)=    0  Emax(GeV)= 100000


                                  Hadronic Processes for <anti_neutron>
                                  -----------------------------------
          hadElastic  Models:                 hElasticLHEP: Emin(GeV)=    0  Emax(GeV)= 100000

          hadElastic  Crs sctns:            GheishaElastic: Emin(GeV)=    0  Emax(GeV)= 100000

AntiNeutronInelastic  Models:     G4LEAntiNeutronInelastic: Emin(GeV)=    0  Emax(GeV)= 25
                                  G4HEAntiNeutronInelastic: Emin(GeV)=   20  Emax(GeV)= 100000

AntiNeutronInelastic  Crs sctns:              AntiAGlauber: Emin(GeV)=    0  Emax(GeV)= 1.79769e+305
                                          GheishaInelastic: Emin(GeV)=    0  Emax(GeV)= 100000


                                  Hadronic Processes for <anti_proton>
                                  -----------------------------------
          hadElastic  Models:                 hElasticLHEP: Emin(GeV)=    0  Emax(GeV)= 0.1
                                              AntiAElastic: Emin(GeV)=  0.1  Emax(GeV)= 100000

          hadElastic  Crs sctns:              AntiAGlauber: Emin(GeV)=    0  Emax(GeV)= 1.79769e+305
                                            GheishaElastic: Emin(GeV)=    0  Emax(GeV)= 100000

 AntiProtonInelastic  Models:      G4LEAntiProtonInelastic: Emin(GeV)=    0  Emax(GeV)= 25
                                   G4HEAntiProtonInelastic: Emin(GeV)=   20  Emax(GeV)= 100000

 AntiProtonInelastic  Crs sctns:              AntiAGlauber: Emin(GeV)=    0  Emax(GeV)= 1.79769e+305
                                          GheishaInelastic: Emin(GeV)=    0  Emax(GeV)= 100000

          hFritiofCaptureAtRest

                                  Hadronic Processes for <e+>
                                  -----------------------------------
     PositronNuclear  Models:      G4ElectroVDNuclearModel: Emin(GeV)=    0  Emax(GeV)= 1e+06

     PositronNuclear  Crs sctns:          ElectroNuclearXS: Emin(GeV)=    0  Emax(GeV)= 100000
                                          GheishaInelastic: Emin(GeV)=    0  Emax(GeV)= 100000


                                  Hadronic Processes for <e->
                                  -----------------------------------
      ElectroNuclear  Models:      G4ElectroVDNuclearModel: Emin(GeV)=    0  Emax(GeV)= 1e+06

      ElectroNuclear  Crs sctns:          ElectroNuclearXS: Emin(GeV)=    0  Emax(GeV)= 100000
                                          GheishaInelastic: Emin(GeV)=    0  Emax(GeV)= 100000


                                  Hadronic Processes for <gamma>
                                  -----------------------------------
     PhotonInelastic  Models:               BertiniCascade: Emin(GeV)=    0  Emax(GeV)= 3.5
                                           TheoFSGenerator: Emin(GeV)=    3  Emax(GeV)= 100000

     PhotonInelastic  Crs sctns:            PhotoNuclearXS: Emin(GeV)=    0  Emax(GeV)= 100000
                                          GheishaInelastic: Emin(GeV)=    0  Emax(GeV)= 100000


                                  Hadronic Processes for <kaon+>
                                  -----------------------------------
          hadElastic  Models:                 hElasticLHEP: Emin(GeV)=    0  Emax(GeV)= 100000

          hadElastic  Crs sctns:            GheishaElastic: Emin(GeV)=    0  Emax(GeV)= 100000

   KaonPlusInelastic  Models:                         QGSP: Emin(GeV)=   12  Emax(GeV)= 100000
                                     G4LEKaonPlusInelastic: Emin(GeV)=    0  Emax(GeV)= 25

   KaonPlusInelastic  Crs sctns:  ChipsKaonPlusInelasticXS: Emin(GeV)=    0  Emax(GeV)= 100000
                                          GheishaInelastic: Emin(GeV)=    0  Emax(GeV)= 100000


                                  Hadronic Processes for <kaon->
                                  -----------------------------------
          hadElastic  Models:                 hElasticLHEP: Emin(GeV)=    0  Emax(GeV)= 100000

          hadElastic  Crs sctns:            GheishaElastic: Emin(GeV)=    0  Emax(GeV)= 100000

  KaonMinusInelastic  Models:                         QGSP: Emin(GeV)=   12  Emax(GeV)= 100000
                                    G4LEKaonMinusInelastic: Emin(GeV)=    0  Emax(GeV)= 25

  KaonMinusInelastic  Crs sctns: ChipsKaonMinusInelasticXS: Emin(GeV)=    0  Emax(GeV)= 100000
                                          GheishaInelastic: Emin(GeV)=    0  Emax(GeV)= 100000

          hBertiniCaptureAtRest

                                  Hadronic Processes for <lambda>
                                  -----------------------------------
          hadElastic  Models:                 hElasticLHEP: Emin(GeV)=    0  Emax(GeV)= 100000

          hadElastic  Crs sctns:            GheishaElastic: Emin(GeV)=    0  Emax(GeV)= 100000

     LambdaInelastic  Models:          G4LELambdaInelastic: Emin(GeV)=    0  Emax(GeV)= 25
                                       G4HELambdaInelastic: Emin(GeV)=   20  Emax(GeV)= 100000

     LambdaInelastic  Crs sctns:   ChipsHyperonInelasticXS: Emin(GeV)=    0  Emax(GeV)= 100000
                                          GheishaInelastic: Emin(GeV)=    0  Emax(GeV)= 100000


                     Hadronic Processes for <mu->
          muMinusCaptureAtRest

                                  Hadronic Processes for <neutron>
                                  -----------------------------------
          hadElastic  Models:                hElasticCHIPS: Emin(GeV)=    0  Emax(GeV)= 100000

          hadElastic  Crs sctns:     ChipsNeutronElasticXS: Emin(GeV)=    0  Emax(GeV)= 100000
                                            GheishaElastic: Emin(GeV)=    0  Emax(GeV)= 100000

    NeutronInelastic  Models:                         QGSP: Emin(GeV)=   12  Emax(GeV)= 100000
                                      G4LENeutronInelastic: Emin(GeV)=  9.5  Emax(GeV)= 25
                                            Binary Cascade: Emin(GeV)= 0.0199  Emax(GeV)= 9.9
                                        NeutronHPInelastic: Emin(GeV)=    0  Emax(GeV)= 0.02

    NeutronInelastic  Crs sctns:      NeutronHPInelasticXS: Emin(GeV)=    0  Emax(GeV)= 0.02
                                       Barashenkov-Glauber: Emin(GeV)=    0  Emax(GeV)= 100000
                                          GheishaInelastic: Emin(GeV)=    0  Emax(GeV)= 100000

            nCapture  Models:                   G4LCapture: Emin(GeV)= 0.0199  Emax(GeV)= 20000
                                          NeutronHPCapture: Emin(GeV)=    0  Emax(GeV)= 0.02

            nCapture  Crs sctns:        NeutronHPCaptureXS: Emin(GeV)=    0  Emax(GeV)= 0.02
                                          GheishaCaptureXS: Emin(GeV)=    0  Emax(GeV)= 100000

            nFission  Models:                   G4LFission: Emin(GeV)= 0.0199  Emax(GeV)= 20000
                                          NeutronHPFission: Emin(GeV)=    0  Emax(GeV)= 0.02

            nFission  Crs sctns:        NeutronHPFissionXS: Emin(GeV)=    0  Emax(GeV)= 0.02
                                          GheishaFissionXS: Emin(GeV)=    0  Emax(GeV)= 100000


                                  Hadronic Processes for <pi+>
                                  -----------------------------------
          hadElastic  Models:                 hElasticLHEP: Emin(GeV)=    0  Emax(GeV)= 1
                                           hElasticGlauber: Emin(GeV)=    1  Emax(GeV)= 100000

          hadElastic  Crs sctns:       Barashenkov-Glauber: Emin(GeV)=    0  Emax(GeV)= 100000
                                            GheishaElastic: Emin(GeV)=    0  Emax(GeV)= 100000

   PionPlusInelastic  Models:                         QGSP: Emin(GeV)=   12  Emax(GeV)= 100000
                                     G4LEPionPlusInelastic: Emin(GeV)=    0  Emax(GeV)= 25

   PionPlusInelastic  Crs sctns:      G4CrossSectionPairGG: Emin(GeV)=    0  Emax(GeV)= 100000
                         G4CrossSectionPairGG: G4PiNuclearCrossSection cross sections 
                           below 91 GeV, Glauber-Gribov above 
                                          GheishaInelastic: Emin(GeV)=    0  Emax(GeV)= 100000


                                  Hadronic Processes for <pi->
                                  -----------------------------------
          hadElastic  Models:                 hElasticLHEP: Emin(GeV)=    0  Emax(GeV)= 1
                                           hElasticGlauber: Emin(GeV)=    1  Emax(GeV)= 100000

          hadElastic  Crs sctns:       Barashenkov-Glauber: Emin(GeV)=    0  Emax(GeV)= 100000
                                            GheishaElastic: Emin(GeV)=    0  Emax(GeV)= 100000

  PionMinusInelastic  Models:                         QGSP: Emin(GeV)=   12  Emax(GeV)= 100000
                                    G4LEPionMinusInelastic: Emin(GeV)=    0  Emax(GeV)= 25

  PionMinusInelastic  Crs sctns:      G4CrossSectionPairGG: Emin(GeV)=    0  Emax(GeV)= 100000
                         G4CrossSectionPairGG: G4PiNuclearCrossSection cross sections 
                           below 91 GeV, Glauber-Gribov above 
                                          GheishaInelastic: Emin(GeV)=    0  Emax(GeV)= 100000

          hBertiniCaptureAtRest

                                  Hadronic Processes for <proton>
                                  -----------------------------------
          hadElastic  Models:                hElasticCHIPS: Emin(GeV)=    0  Emax(GeV)= 100000

          hadElastic  Crs sctns:      ChipsProtonElasticXS: Emin(GeV)=    0  Emax(GeV)= 100000
                                            GheishaElastic: Emin(GeV)=    0  Emax(GeV)= 100000

     ProtonInelastic  Models:                         QGSP: Emin(GeV)=   12  Emax(GeV)= 100000
                                       G4LEProtonInelastic: Emin(GeV)=  9.5  Emax(GeV)= 25
                                            Binary Cascade: Emin(GeV)=    0  Emax(GeV)= 9.9

     ProtonInelastic  Crs sctns:       Barashenkov-Glauber: Emin(GeV)=    0  Emax(GeV)= 100000
                                          GheishaInelastic: Emin(GeV)=    0  Emax(GeV)= 100000

============================================================================================

========= Table of registered couples ==============================

Index : 0     used in the geometry : Yes     recalculation needed : No 
 Material : Air
 Range cuts        :  gamma  1 mm     e-  1 mm     e+  1 mm  proton 1 mm 
 Energy thresholds :  gamma  990 eV     e-  990 eV     e+  990 eV  proton 100 keV
 Region(s) which use this couple : 
    DefaultRegionForTheWorld

Index : 1     used in the geometry : Yes     recalculation needed : No 
 Material : Lead
 Range cuts        :  gamma  1 mm     e-  1 mm     e+  1 mm  proton 1 mm 
 Energy thresholds :  gamma  101.843 keV    e-  1.36749 MeV    e+  1.27862 MeV proton 100 keV
 Region(s) which use this couple : 
    DefaultRegionForTheWorld

Index : 2     used in the geometry : Yes     recalculation needed : No 
 Material : Copper
 Range cuts        :  gamma  1 mm     e-  1 mm     e+  1 mm  proton 1 mm 
 Energy thresholds :  gamma  24.7508 keV    e-  1.39534 MeV    e+  1.31345 MeV proton 100 keV
 Region(s) which use this couple : 
    DefaultRegionForTheWorld

Index : 3     used in the geometry : Yes     recalculation needed : No 
 Material : Vacuum
 Range cuts        :  gamma  1 mm     e-  1 mm     e+  1 mm  proton 1 mm 
 Energy thresholds :  gamma  990 eV     e-  990 eV     e+  990 eV  proton 100 keV
 Region(s) which use this couple : 
    DefaultRegionForTheWorld

Index : 4     used in the geometry : Yes     recalculation needed : No 
 Material : Polyethylene
 Range cuts        :  gamma  1 mm     e-  1 mm     e+  1 mm  proton 1 mm 
 Energy thresholds :  gamma  2.24745 keV    e-  349.521 keV    e+  337.972 keV proton 100 keV
 Region(s) which use this couple : 
    DefaultRegionForTheWorld

Index : 5     used in the geometry : Yes     recalculation needed : No 
 Material : Germanium
 Range cuts        :  gamma  1 mm     e-  1 mm     e+  1 mm  proton 1 mm 
 Energy thresholds :  gamma  20.6438 keV    e-  871.74 keV    e+  831.682 keV proton 100 keV
 Region(s) which use this couple : 
    DefaultRegionForTheWorld

====================================================================

Random Seed: 1837661314, 1096953398
Random Seed Index: 0
Root file: gamma.root
ROOT Histo H10 Energy deposit (MeV) in the detector booked 
Creating Ntuple T1 in ROOT file: Hits
ROOT Ntuple tT1 Hits Energy:TrueEnergy booked 
gesimAnalysisManager: Histograms are booked and the run has been started
### Run : 0
ROOT: files writing...
ROOT: files closing...
gesimAnalysisManager: Histograms have been saved!
Graphics systems deleted.
Visualization Manager deleting...
G4ANALYSIS_USE_ROOT
